<?xml version="1.0" encoding="UTF-8"?>
<!-- Generated by org.testng.reporters.JUnitReportReporter -->
<testsuite hostname="LAPTOP-6O98HGRJ" failures="0" tests="3" name="com.mindtree.bigbasket.runner.RunnerTest" time="9.067" errors="0" timestamp="2021-03-16T19:34:59 IST" skipped="0">
  <testcase classname="com.mindtree.bigbasket.runner.RunnerTest" name="searchItems" time="4.973"/>
  <system-out/>
  <testcase classname="com.mindtree.bigbasket.runner.RunnerTest" name="cartcheck" time="3.830"/>
  <system-out/>
  <testcase classname="com.mindtree.bigbasket.runner.RunnerTest" name="BestSellerItem" time="0.264"/>
  <system-out/>
</testsuite> <!-- com.mindtree.bigbasket.runner.RunnerTest -->
